This is pdfTeX, Version 3.14159265-2.6-1.40.19 (MiKTeX 2.9.6800 64-bit) (preloaded format=pdflatex 2018.9.16)  17 NOV 2018 11:48
entering extended mode
**./Dung_paper.tex
(Dung_paper.tex
LaTeX2e <2018-04-01> patch level 5

("C:\Users\TaPhuongDung-PC\AppData\Local\Programs\MiKTeX 2.9\tex\latex\base\art
icle.cls"
Document Class: article 2014/09/29 v1.4h Standard LaTeX document class

("C:\Users\TaPhuongDung-PC\AppData\Local\Programs\MiKTeX 2.9\tex\latex\base\siz
e12.clo"
File: size12.clo 2014/09/29 v1.4h Standard LaTeX file (size option)
)
\c@part=\count80
\c@section=\count81
\c@subsection=\count82
\c@subsubsection=\count83
\c@paragraph=\count84
\c@subparagraph=\count85
\c@figure=\count86
\c@table=\count87
\abovecaptionskip=\skip41
\belowcaptionskip=\skip42
\bibindent=\dimen102
)
("C:\Users\TaPhuongDung-PC\AppData\Local\Programs\MiKTeX 2.9\tex\latex\amsfonts
\amsfonts.sty"
Package: amsfonts 2013/01/14 v3.01 Basic AMSFonts support
\@emptytoks=\toks14
\symAMSa=\mathgroup4
\symAMSb=\mathgroup5
LaTeX Font Info:    Overwriting math alphabet `\mathfrak' in version `bold'
(Font)                  U/euf/m/n --> U/euf/b/n on input line 106.
)
("C:\Users\TaPhuongDung-PC\AppData\Local\Programs\MiKTeX 2.9\tex\latex\natbib\n
atbib.sty"
Package: natbib 2010/09/13 8.31b (PWD, AO)
\bibhang=\skip43
\bibsep=\skip44
LaTeX Info: Redefining \cite on input line 694.
\c@NAT@ctr=\count88
)
("C:\Users\TaPhuongDung-PC\AppData\Local\Programs\MiKTeX 2.9\tex\latex\amsfonts
\amssymb.sty"
Package: amssymb 2013/01/14 v3.01 AMS font symbols
)
("C:\Users\TaPhuongDung-PC\AppData\Local\Programs\MiKTeX 2.9\tex\latex\tools\ar
ray.sty"
Package: array 2018/04/30 v2.4h Tabular extension package (FMi)
\col@sep=\dimen103
\ar@mcellbox=\box26
\extrarowheight=\dimen104
\NC@list=\toks15
\extratabsurround=\skip45
\backup@length=\skip46
\ar@cellbox=\box27
)
("C:\Users\TaPhuongDung-PC\AppData\Local\Programs\MiKTeX 2.9\tex\latex\graphics
\graphicx.sty"
Package: graphicx 2017/06/01 v1.1a Enhanced LaTeX Graphics (DPC,SPQR)

("C:\Users\TaPhuongDung-PC\AppData\Local\Programs\MiKTeX 2.9\tex\latex\graphics
\keyval.sty"
Package: keyval 2014/10/28 v1.15 key=value parser (DPC)
\KV@toks@=\toks16
)
("C:\Users\TaPhuongDung-PC\AppData\Local\Programs\MiKTeX 2.9\tex\latex\graphics
\graphics.sty"
Package: graphics 2017/06/25 v1.2c Standard LaTeX Graphics (DPC,SPQR)

("C:\Users\TaPhuongDung-PC\AppData\Local\Programs\MiKTeX 2.9\tex\latex\graphics
\trig.sty"
Package: trig 2016/01/03 v1.10 sin cos tan (DPC)
)
("C:\Users\TaPhuongDung-PC\AppData\Local\Programs\MiKTeX 2.9\tex\latex\graphics
-cfg\graphics.cfg"
File: graphics.cfg 2016/06/04 v1.11 sample graphics configuration
)
Package graphics Info: Driver file: pdftex.def on input line 99.

("C:\Users\TaPhuongDung-PC\AppData\Local\Programs\MiKTeX 2.9\tex\latex\graphics
-def\pdftex.def"
File: pdftex.def 2018/01/08 v1.0l Graphics/color driver for pdftex
))
\Gin@req@height=\dimen105
\Gin@req@width=\dimen106
)
("C:\Users\TaPhuongDung-PC\AppData\Local\Programs\MiKTeX 2.9\tex\latex\amsmath\
amsmath.sty"
Package: amsmath 2017/09/02 v2.17a AMS math features
\@mathmargin=\skip47

For additional information on amsmath, use the `?' option.

("C:\Users\TaPhuongDung-PC\AppData\Local\Programs\MiKTeX 2.9\tex\latex\amsmath\
amstext.sty"
Package: amstext 2000/06/29 v2.01 AMS text

("C:\Users\TaPhuongDung-PC\AppData\Local\Programs\MiKTeX 2.9\tex\latex\amsmath\
amsgen.sty"
File: amsgen.sty 1999/11/30 v2.0 generic functions
\@emptytoks=\toks17
\ex@=\dimen107
))
("C:\Users\TaPhuongDung-PC\AppData\Local\Programs\MiKTeX 2.9\tex\latex\amsmath\
amsbsy.sty"
Package: amsbsy 1999/11/29 v1.2d Bold Symbols
\pmbraise@=\dimen108
)
("C:\Users\TaPhuongDung-PC\AppData\Local\Programs\MiKTeX 2.9\tex\latex\amsmath\
amsopn.sty"
Package: amsopn 2016/03/08 v2.02 operator names
)
\inf@bad=\count89
LaTeX Info: Redefining \frac on input line 213.
\uproot@=\count90
\leftroot@=\count91
LaTeX Info: Redefining \overline on input line 375.
\classnum@=\count92
\DOTSCASE@=\count93
LaTeX Info: Redefining \ldots on input line 472.
LaTeX Info: Redefining \dots on input line 475.
LaTeX Info: Redefining \cdots on input line 596.
\Mathstrutbox@=\box28
\strutbox@=\box29
\big@size=\dimen109
LaTeX Font Info:    Redeclaring font encoding OML on input line 712.
LaTeX Font Info:    Redeclaring font encoding OMS on input line 713.
\macc@depth=\count94
\c@MaxMatrixCols=\count95
\dotsspace@=\muskip10
\c@parentequation=\count96
\dspbrk@lvl=\count97
\tag@help=\toks18
\row@=\count98
\column@=\count99
\maxfields@=\count100
\andhelp@=\toks19
\eqnshift@=\dimen110
\alignsep@=\dimen111
\tagshift@=\dimen112
\tagwidth@=\dimen113
\totwidth@=\dimen114
\lineht@=\dimen115
\@envbody=\toks20
\multlinegap=\skip48
\multlinetaggap=\skip49
\mathdisplay@stack=\toks21
LaTeX Info: Redefining \[ on input line 2817.
LaTeX Info: Redefining \] on input line 2818.
)
("C:\Users\TaPhuongDung-PC\AppData\Local\Programs\MiKTeX 2.9\tex\latex\base\lat
exsym.sty"
Package: latexsym 1998/08/17 v2.2e Standard LaTeX package (lasy symbols)
\symlasy=\mathgroup6
LaTeX Font Info:    Overwriting symbol font `lasy' in version `bold'
(Font)                  U/lasy/m/n --> U/lasy/b/n on input line 52.
)
("C:\Users\TaPhuongDung-PC\AppData\Local\Programs\MiKTeX 2.9\tex\latex\amsmath\
amscd.sty"
Package: amscd 2017/04/14 v2.1 AMS Commutative Diagrams
\athelp@=\toks22
\minaw@=\dimen116
\bigaw@=\dimen117
\minCDarrowwidth=\dimen118
)
("C:\Users\TaPhuongDung-PC\AppData\Local\Programs\MiKTeX 2.9\tex\latex\subfigur
e\subfigure.sty"
Package: subfigure 2002/07/30 v2.1.4 subfigure package
\subfigtopskip=\skip50
\subfigcapskip=\skip51
\subfigcaptopadj=\dimen119
\subfigbottomskip=\skip52
\subfigcapmargin=\dimen120
\subfiglabelskip=\skip53
\c@subfigure=\count101
\c@lofdepth=\count102
\c@subtable=\count103
\c@lotdepth=\count104

****************************************
* Local config file subfigure.cfg used *
****************************************

("C:\Users\TaPhuongDung-PC\AppData\Local\Programs\MiKTeX 2.9\tex\latex\subfigur
e\subfigure.cfg")
\subfig@top=\skip54
\subfig@bottom=\skip55
)
("C:\Users\TaPhuongDung-PC\AppData\Local\Programs\MiKTeX 2.9\tex\latex\multirow
\multirow.sty"
Package: multirow 2018/08/03 v2.3 Span multiple rows of a table
\multirow@colwidth=\skip56
\multirow@cntb=\count105
\multirow@dima=\skip57
\bigstrutjot=\dimen121
)
("C:\Users\TaPhuongDung-PC\AppData\Local\Programs\MiKTeX 2.9\tex\latex\mathtool
s\mathtools.sty"
Package: mathtools 2018/01/08 v1.21 mathematical typesetting tools

("C:\Users\TaPhuongDung-PC\AppData\Local\Programs\MiKTeX 2.9\tex\latex\tools\ca
lc.sty"
Package: calc 2017/05/25 v4.3 Infix arithmetic (KKT,FJ)
\calc@Acount=\count106
\calc@Bcount=\count107
\calc@Adimen=\dimen122
\calc@Bdimen=\dimen123
\calc@Askip=\skip58
\calc@Bskip=\skip59
LaTeX Info: Redefining \setlength on input line 80.
LaTeX Info: Redefining \addtolength on input line 81.
\calc@Ccount=\count108
\calc@Cskip=\skip60
)
("C:\Users\TaPhuongDung-PC\AppData\Local\Programs\MiKTeX 2.9\tex\latex\mathtool
s\mhsetup.sty"
Package: mhsetup 2017/03/31 v1.3 programming setup (MH)
)
LaTeX Info: Thecontrolsequence`\('isalreadyrobust on input line 129.
LaTeX Info: Thecontrolsequence`\)'isalreadyrobust on input line 129.
LaTeX Info: Thecontrolsequence`\['isalreadyrobust on input line 129.
LaTeX Info: Thecontrolsequence`\]'isalreadyrobust on input line 129.
\g_MT_multlinerow_int=\count109
\l_MT_multwidth_dim=\dimen124
\origjot=\skip61
\l_MT_shortvdotswithinadjustabove_dim=\dimen125
\l_MT_shortvdotswithinadjustbelow_dim=\dimen126
\l_MT_above_intertext_sep=\dimen127
\l_MT_below_intertext_sep=\dimen128
\l_MT_above_shortintertext_sep=\dimen129
\l_MT_below_shortintertext_sep=\dimen130
)
("C:\Users\TaPhuongDung-PC\AppData\Local\Programs\MiKTeX 2.9\tex\latex\commath\
commath.sty"
("C:\Users\TaPhuongDung-PC\AppData\Local\Programs\MiKTeX 2.9\tex\latex\base\ift
hen.sty"
Package: ifthen 2014/09/29 v1.1c Standard LaTeX ifthen package (DPC)
))
("C:\Users\TaPhuongDung-PC\AppData\Local\Programs\MiKTeX 2.9\tex\latex\base\mak
eidx.sty"
Package: makeidx 2014/09/29 v1.0m Standard LaTeX package
)
("C:\Users\TaPhuongDung-PC\AppData\Local\Programs\MiKTeX 2.9\tex\latex\fancyhdr
\fancyhdr.sty"
Package: fancyhdr 2017/06/30 v3.9a Extensive control of page headers and footer
s
\f@nch@headwidth=\skip62
\f@nch@O@elh=\skip63
\f@nch@O@erh=\skip64
\f@nch@O@olh=\skip65
\f@nch@O@orh=\skip66
\f@nch@O@elf=\skip67
\f@nch@O@erf=\skip68
\f@nch@O@olf=\skip69
\f@nch@O@orf=\skip70
)
("C:\Users\TaPhuongDung-PC\AppData\Local\Programs\MiKTeX 2.9\tex\latex\hyperref
\hyperref.sty"
Package: hyperref 2018/02/06 v6.86b Hypertext links for LaTeX

("C:\Users\TaPhuongDung-PC\AppData\Local\Programs\MiKTeX 2.9\tex\generic\oberdi
ek\hobsub-hyperref.sty"
Package: hobsub-hyperref 2016/05/16 v1.14 Bundle oberdiek, subset hyperref (HO)


("C:\Users\TaPhuongDung-PC\AppData\Local\Programs\MiKTeX 2.9\tex\generic\oberdi
ek\hobsub-generic.sty"
Package: hobsub-generic 2016/05/16 v1.14 Bundle oberdiek, subset generic (HO)
Package: hobsub 2016/05/16 v1.14 Construct package bundles (HO)
Package: infwarerr 2016/05/16 v1.4 Providing info/warning/error messages (HO)
Package: ltxcmds 2016/05/16 v1.23 LaTeX kernel commands for general use (HO)
Package: ifluatex 2016/05/16 v1.4 Provides the ifluatex switch (HO)
Package ifluatex Info: LuaTeX not detected.
Package: ifvtex 2016/05/16 v1.6 Detect VTeX and its facilities (HO)
Package ifvtex Info: VTeX not detected.
Package: intcalc 2016/05/16 v1.2 Expandable calculations with integers (HO)
Package: ifpdf 2017/03/15 v3.2 Provides the ifpdf switch
Package: etexcmds 2016/05/16 v1.6 Avoid name clashes with e-TeX commands (HO)
Package etexcmds Info: Could not find \expanded.
(etexcmds)             That can mean that you are not using pdfTeX 1.50 or
(etexcmds)             that some package has redefined \expanded.
(etexcmds)             In the latter case, load this package earlier.
Package: kvsetkeys 2016/05/16 v1.17 Key value parser (HO)
Package: kvdefinekeys 2016/05/16 v1.4 Define keys (HO)
Package: pdftexcmds 2018/01/30 v0.27 Utility functions of pdfTeX for LuaTeX (HO
)
Package pdftexcmds Info: LuaTeX not detected.
Package pdftexcmds Info: \pdf@primitive is available.
Package pdftexcmds Info: \pdf@ifprimitive is available.
Package pdftexcmds Info: \pdfdraftmode found.
Package: pdfescape 2016/05/16 v1.14 Implements pdfTeX's escape features (HO)
Package: bigintcalc 2016/05/16 v1.4 Expandable calculations on big integers (HO
)
Package: bitset 2016/05/16 v1.2 Handle bit-vector datatype (HO)
Package: uniquecounter 2016/05/16 v1.3 Provide unlimited unique counter (HO)
)
Package hobsub Info: Skipping package `hobsub' (already loaded).
Package: letltxmacro 2016/05/16 v1.5 Let assignment for LaTeX macros (HO)
Package: hopatch 2016/05/16 v1.3 Wrapper for package hooks (HO)
Package: xcolor-patch 2016/05/16 xcolor patch
Package: atveryend 2016/05/16 v1.9 Hooks at the very end of document (HO)
Package atveryend Info: \enddocument detected (standard20110627).
Package: atbegshi 2016/06/09 v1.18 At begin shipout hook (HO)
Package: refcount 2016/05/16 v3.5 Data extraction from label references (HO)
Package: hycolor 2016/05/16 v1.8 Color options for hyperref/bookmark (HO)
)
("C:\Users\TaPhuongDung-PC\AppData\Local\Programs\MiKTeX 2.9\tex\generic\ifxete
x\ifxetex.sty"
Package: ifxetex 2010/09/12 v0.6 Provides ifxetex conditional
)
("C:\Users\TaPhuongDung-PC\AppData\Local\Programs\MiKTeX 2.9\tex\latex\oberdiek
\auxhook.sty"
Package: auxhook 2016/05/16 v1.4 Hooks for auxiliary files (HO)
)
("C:\Users\TaPhuongDung-PC\AppData\Local\Programs\MiKTeX 2.9\tex\latex\oberdiek
\kvoptions.sty"
Package: kvoptions 2016/05/16 v3.12 Key value format for package options (HO)
)
\@linkdim=\dimen131
\Hy@linkcounter=\count110
\Hy@pagecounter=\count111

("C:\Users\TaPhuongDung-PC\AppData\Local\Programs\MiKTeX 2.9\tex\latex\hyperref
\pd1enc.def"
File: pd1enc.def 2018/02/06 v6.86b Hyperref: PDFDocEncoding definition (HO)
Now handling font encoding PD1 ...
... no UTF-8 mapping file for font encoding PD1
)
\Hy@SavedSpaceFactor=\count112

("C:\Users\TaPhuongDung-PC\AppData\Local\Programs\MiKTeX 2.9\tex\latex\00miktex
\hyperref.cfg"
File: hyperref.cfg 2002/06/06 v1.2 hyperref configuration of TeXLive
)
Package hyperref Info: Hyper figures OFF on input line 4509.
Package hyperref Info: Link nesting OFF on input line 4514.
Package hyperref Info: Hyper index ON on input line 4517.
Package hyperref Info: Plain pages OFF on input line 4524.
Package hyperref Info: Backreferencing OFF on input line 4529.
Package hyperref Info: Implicit mode ON; LaTeX internals redefined.
Package hyperref Info: Bookmarks ON on input line 4762.
\c@Hy@tempcnt=\count113

("C:\Users\TaPhuongDung-PC\AppData\Local\Programs\MiKTeX 2.9\tex\latex\url\url.
sty"
\Urlmuskip=\muskip11
Package: url 2013/09/16  ver 3.4  Verb mode for urls, etc.
)
LaTeX Info: Redefining \url on input line 5115.
\XeTeXLinkMargin=\dimen132
\Fld@menulength=\count114
\Field@Width=\dimen133
\Fld@charsize=\dimen134
Package hyperref Info: Hyper figures OFF on input line 6369.
Package hyperref Info: Link nesting OFF on input line 6374.
Package hyperref Info: Hyper index ON on input line 6377.
Package hyperref Info: backreferencing OFF on input line 6384.
Package hyperref Info: Link coloring OFF on input line 6389.
Package hyperref Info: Link coloring with OCG OFF on input line 6394.
Package hyperref Info: PDF/A mode OFF on input line 6399.
LaTeX Info: Redefining \ref on input line 6439.
LaTeX Info: Redefining \pageref on input line 6443.
\Hy@abspage=\count115
\c@Item=\count116
\c@Hfootnote=\count117
)
Package hyperref Info: Driver (autodetected): hpdftex.

("C:\Users\TaPhuongDung-PC\AppData\Local\Programs\MiKTeX 2.9\tex\latex\hyperref
\hpdftex.def"
File: hpdftex.def 2018/02/06 v6.86b Hyperref driver for pdfTeX
\Fld@listcount=\count118
\c@bookmark@seq@number=\count119

("C:\Users\TaPhuongDung-PC\AppData\Local\Programs\MiKTeX 2.9\tex\latex\oberdiek
\rerunfilecheck.sty"
Package: rerunfilecheck 2016/05/16 v1.8 Rerun checks for auxiliary files (HO)
Package uniquecounter Info: New unique counter `rerunfilecheck' on input line 2
82.
)
\Hy@SectionHShift=\skip71
)
("C:\Users\TaPhuongDung-PC\AppData\Local\Programs\MiKTeX 2.9\tex\latex\listings
\listings.sty"
\lst@mode=\count120
\lst@gtempboxa=\box30
\lst@token=\toks23
\lst@length=\count121
\lst@currlwidth=\dimen135
\lst@column=\count122
\lst@pos=\count123
\lst@lostspace=\dimen136
\lst@width=\dimen137
\lst@newlines=\count124
\lst@lineno=\count125
\lst@maxwidth=\dimen138

("C:\Users\TaPhuongDung-PC\AppData\Local\Programs\MiKTeX 2.9\tex\latex\listings
\lstmisc.sty"
File: lstmisc.sty 2018/09/02 1.7 (Carsten Heinz)
\c@lstnumber=\count126
\lst@skipnumbers=\count127
\lst@framebox=\box31
)
("C:\Users\TaPhuongDung-PC\AppData\Local\Programs\MiKTeX 2.9\tex\latex\listings
\listings.cfg"
File: listings.cfg 2018/09/02 1.7 listings configuration
))
Package: listings 2018/09/02 1.7 (Carsten Heinz)

("C:\Users\TaPhuongDung-PC\AppData\Local\Programs\MiKTeX 2.9\tex\latex\graphics
\color.sty"
Package: color 2016/07/10 v1.1e Standard LaTeX Color (DPC)

("C:\Users\TaPhuongDung-PC\AppData\Local\Programs\MiKTeX 2.9\tex\latex\graphics
-cfg\color.cfg"
File: color.cfg 2016/01/02 v1.6 sample color configuration
)
Package color Info: Driver file: pdftex.def on input line 147.
)
("C:\Users\TaPhuongDung-PC\AppData\Local\Programs\MiKTeX 2.9\tex\latex\listings
\lstlang1.sty"
File: lstlang1.sty 2018/09/02 1.7 listings language file
)
("C:\Users\TaPhuongDung-PC\AppData\Local\Programs\MiKTeX 2.9\tex\latex\listings
\lstlang2.sty"
File: lstlang2.sty 2018/09/02 1.7 listings language file
)
("C:\Users\TaPhuongDung-PC\AppData\Local\Programs\MiKTeX 2.9\tex\latex\listings
\lstlang3.sty"
File: lstlang3.sty 2018/09/02 1.7 listings language file
)
\c@corollary=\count128
\c@assertion=\count129
\c@definition=\count130
\c@theorem=\count131
\c@lemma=\count132
\c@proposition=\count133

("C:\Users\TaPhuongDung-PC\AppData\Local\Programs\MiKTeX 2.9\tex\latex\setspace
\setspace.sty"
Package: setspace 2011/12/19 v6.7a set line spacing
)
("C:\Users\TaPhuongDung-PC\AppData\Local\Programs\MiKTeX 2.9\tex\latex\sectsty\
sectsty.sty"
Package: sectsty 2002/02/25 v2.0.2 Commands to change all sectional heading sty
les
) (Dung_paper.aux)
\openout1 = `Dung_paper.aux'.

LaTeX Font Info:    Checking defaults for OML/cmm/m/it on input line 117.
LaTeX Font Info:    ... okay on input line 117.
LaTeX Font Info:    Checking defaults for T1/cmr/m/n on input line 117.
LaTeX Font Info:    ... okay on input line 117.
LaTeX Font Info:    Checking defaults for OT1/cmr/m/n on input line 117.
LaTeX Font Info:    ... okay on input line 117.
LaTeX Font Info:    Checking defaults for OMS/cmsy/m/n on input line 117.
LaTeX Font Info:    ... okay on input line 117.
LaTeX Font Info:    Checking defaults for OMX/cmex/m/n on input line 117.
LaTeX Font Info:    ... okay on input line 117.
LaTeX Font Info:    Checking defaults for U/cmr/m/n on input line 117.
LaTeX Font Info:    ... okay on input line 117.
LaTeX Font Info:    Checking defaults for PD1/pdf/m/n on input line 117.
LaTeX Font Info:    ... okay on input line 117.

("C:\Users\TaPhuongDung-PC\AppData\Local\Programs\MiKTeX 2.9\tex\context\base\s
upp-pdf.mkii"
[Loading MPS to PDF converter (version 2006.09.02).]
\scratchcounter=\count134
\scratchdimen=\dimen139
\scratchbox=\box32
\nofMPsegments=\count135
\nofMParguments=\count136
\everyMPshowfont=\toks24
\MPscratchCnt=\count137
\MPscratchDim=\dimen140
\MPnumerator=\count138
\makeMPintoPDFobject=\count139
\everyMPtoPDFconversion=\toks25
)
("C:\Users\TaPhuongDung-PC\AppData\Local\Programs\MiKTeX 2.9\tex\latex\oberdiek
\epstopdf-base.sty"
Package: epstopdf-base 2016/05/15 v2.6 Base part for package epstopdf

("C:\Users\TaPhuongDung-PC\AppData\Local\Programs\MiKTeX 2.9\tex\latex\oberdiek
\grfext.sty"
Package: grfext 2016/05/16 v1.2 Manage graphics extensions (HO)
)
Package epstopdf-base Info: Redefining graphics rule for `.eps' on input line 4
38.
Package grfext Info: Graphics extension search list:
(grfext)             [.pdf,.png,.jpg,.mps,.jpeg,.jbig2,.jb2,.PDF,.PNG,.JPG,.JPE
G,.JBIG2,.JB2,.eps]
(grfext)             \AppendGraphicsExtensions on input line 456.
)
\AtBeginShipoutBox=\box33
Package hyperref Info: Link coloring OFF on input line 117.

("C:\Users\TaPhuongDung-PC\AppData\Local\Programs\MiKTeX 2.9\tex\latex\hyperref
\nameref.sty"
Package: nameref 2016/05/21 v2.44 Cross-referencing by name of section

("C:\Users\TaPhuongDung-PC\AppData\Local\Programs\MiKTeX 2.9\tex\generic\oberdi
ek\gettitlestring.sty"
Package: gettitlestring 2016/05/16 v1.5 Cleanup title references (HO)
)
\c@section@level=\count140
)
LaTeX Info: Redefining \ref on input line 117.
LaTeX Info: Redefining \pageref on input line 117.
LaTeX Info: Redefining \nameref on input line 117.
 (Dung_paper.out) (Dung_paper.out)
\@outlinefile=\write3
\openout3 = `Dung_paper.out'.

\c@lstlisting=\count141
LaTeX Font Info:    Try loading font information for U+msa on input line 154.

("C:\Users\TaPhuongDung-PC\AppData\Local\Programs\MiKTeX 2.9\tex\latex\amsfonts
\umsa.fd"
File: umsa.fd 2013/01/14 v3.01 AMS symbols A
)
LaTeX Font Info:    Try loading font information for U+msb on input line 154.

("C:\Users\TaPhuongDung-PC\AppData\Local\Programs\MiKTeX 2.9\tex\latex\amsfonts
\umsb.fd"
File: umsb.fd 2013/01/14 v3.01 AMS symbols B
)
LaTeX Font Info:    Try loading font information for U+lasy on input line 154.

("C:\Users\TaPhuongDung-PC\AppData\Local\Programs\MiKTeX 2.9\tex\latex\base\ula
sy.fd"
File: ulasy.fd 1998/08/17 v2.2e LaTeX symbol font definitions
)
Overfull \vbox (51.21504pt too high) has occurred while \output is active []


[1

{C:/Users/TaPhuongDung-PC/AppData/Local/MiKTeX/2.9/pdftex/config/pdftex.map}]
Overfull \vbox (51.21504pt too high) has occurred while \output is active []


[2]
Overfull \hbox (4.92717pt too wide) detected at line 232
\OML/cmm/m/it/12 f[]\OT1/cmr/m/n/12 (\OML/cmm/m/it/12 a; x\OT1/cmr/m/n/12 ) = [
]
 []


Overfull \hbox (28.70903pt too wide) in alignment at lines 302--310
 [][][] []
 []


Overfull \vbox (51.21504pt too high) has occurred while \output is active []


[3]
Overfull \vbox (51.21504pt too high) has occurred while \output is active []


[4]
Overfull \hbox (7.5079pt too wide) detected at line 356
[]
 []


Overfull \vbox (51.21504pt too high) has occurred while \output is active []


[5]
Overfull \vbox (51.21504pt too high) has occurred while \output is active []


[6] (Dung_paper.bbl)
Package atveryend Info: Empty hook `BeforeClearDocument' on input line 433.

Overfull \vbox (51.21504pt too high) has occurred while \output is active []


[7]
Package atveryend Info: Empty hook `AfterLastShipout' on input line 433.
 (Dung_paper.aux)
Package atveryend Info: Executing hook `AtVeryEndDocument' on input line 433.
Package atveryend Info: Executing hook `AtEndAfterFileList' on input line 433.
Package rerunfilecheck Info: File `Dung_paper.out' has not changed.
(rerunfilecheck)             Checksum: 95B891845763491D2D3EA2865689909D;233.
Package atveryend Info: Empty hook `AtVeryVeryEnd' on input line 433.
 ) 
Here is how much of TeX's memory you used:
 9932 strings out of 492973
 141552 string characters out of 3135902
 436658 words of memory out of 3000000
 13620 multiletter control sequences out of 15000+200000
 13854 words of font info for 57 fonts, out of 3000000 for 9000
 1141 hyphenation exceptions out of 8191
 28i,16n,43p,566b,1856s stack positions out of 5000i,500n,10000p,200000b,50000s
<C:/Users/TaPhuongDung-PC/AppData/Local/Programs/MiKTeX 2.9/fonts/type1/publi
c/amsfonts/cm/cmbx10.pfb><C:/Users/TaPhuongDung-PC/AppData/Local/Programs/MiKTe
X 2.9/fonts/type1/public/amsfonts/cm/cmbx12.pfb><C:/Users/TaPhuongDung-PC/AppDa
ta/Local/Programs/MiKTeX 2.9/fonts/type1/public/amsfonts/cm/cmex10.pfb><C:/User
s/TaPhuongDung-PC/AppData/Local/Programs/MiKTeX 2.9/fonts/type1/public/amsfonts
/cmextra/cmex7.pfb><C:/Users/TaPhuongDung-PC/AppData/Local/Programs/MiKTeX 2.9/
fonts/type1/public/amsfonts/cmextra/cmex8.pfb><C:/Users/TaPhuongDung-PC/AppData
/Local/Programs/MiKTeX 2.9/fonts/type1/public/amsfonts/cm/cmmi12.pfb><C:/Users/
TaPhuongDung-PC/AppData/Local/Programs/MiKTeX 2.9/fonts/type1/public/amsfonts/c
m/cmmi6.pfb><C:/Users/TaPhuongDung-PC/AppData/Local/Programs/MiKTeX 2.9/fonts/t
ype1/public/amsfonts/cm/cmmi8.pfb><C:/Users/TaPhuongDung-PC/AppData/Local/Progr
ams/MiKTeX 2.9/fonts/type1/public/amsfonts/cm/cmr10.pfb><C:/Users/TaPhuongDung-
PC/AppData/Local/Programs/MiKTeX 2.9/fonts/type1/public/amsfonts/cm/cmr12.pfb><
C:/Users/TaPhuongDung-PC/AppData/Local/Programs/MiKTeX 2.9/fonts/type1/public/a
msfonts/cm/cmr17.pfb><C:/Users/TaPhuongDung-PC/AppData/Local/Programs/MiKTeX 2.
9/fonts/type1/public/amsfonts/cm/cmr6.pfb><C:/Users/TaPhuongDung-PC/AppData/Loc
al/Programs/MiKTeX 2.9/fonts/type1/public/amsfonts/cm/cmr8.pfb><C:/Users/TaPhuo
ngDung-PC/AppData/Local/Programs/MiKTeX 2.9/fonts/type1/public/amsfonts/cm/cmsy
10.pfb><C:/Users/TaPhuongDung-PC/AppData/Local/Programs/MiKTeX 2.9/fonts/type1/
public/amsfonts/cm/cmsy6.pfb><C:/Users/TaPhuongDung-PC/AppData/Local/Programs/M
iKTeX 2.9/fonts/type1/public/amsfonts/cm/cmsy8.pfb><C:/Users/TaPhuongDung-PC/Ap
pData/Local/Programs/MiKTeX 2.9/fonts/type1/public/amsfonts/cm/cmti10.pfb><C:/U
sers/TaPhuongDung-PC/AppData/Local/Programs/MiKTeX 2.9/fonts/type1/public/amsfo
nts/cm/cmtt10.pfb><C:/Users/TaPhuongDung-PC/AppData/Local/Programs/MiKTeX 2.9/f
onts/type1/public/amsfonts/symbols/msbm10.pfb><C:/Users/TaPhuongDung-PC/AppData
/Local/Programs/MiKTeX 2.9/fonts/type1/public/amsfonts/symbols/msbm7.pfb>
Output written on Dung_paper.pdf (7 pages, 277184 bytes).
PDF statistics:
 189 PDF objects out of 1000 (max. 8388607)
 47 named destinations out of 1000 (max. 500000)
 33 words of extra memory for PDF output out of 10000 (max. 10000000)

